<?xml version="1.0" encoding="UTF-8"?>
<testng-results ignored="0" total="2" passed="2" failed="0" skipped="0">
  <reporter-output>
  </reporter-output>
  <suite started-at="2024-01-08T14:29:38 IST" name="Suite" finished-at="2024-01-08T14:30:21 IST" duration-ms="43806">
    <groups>
    </groups>
    <test started-at="2024-01-08T14:29:38 IST" name="Test" finished-at="2024-01-08T14:30:21 IST" duration-ms="43806">
      <class name="TAF_PDFReport.PDFReportTest">
        <test-method is-config="true" signature="generateReport()[pri:0, instance:TAF_PDFReport.PDFReportTest@55182842]" started-at="2024-01-08T14:29:38 IST" name="generateReport" finished-at="2024-01-08T14:29:38 IST" duration-ms="486" status="PASS">
          <reporter-output>
          </reporter-output>
        </test-method> <!-- generateReport -->
        <test-method is-config="true" signature="beforeClass()[pri:0, instance:TAF_PDFReport.PDFReportTest@55182842]" started-at="2024-01-08T14:30:16 IST" name="beforeClass" finished-at="2024-01-08T14:30:19 IST" duration-ms="3530" status="PASS">
          <reporter-output>
          </reporter-output>
        </test-method> <!-- beforeClass -->
        <test-method is-config="true" signature="methodName(java.lang.reflect.Method)[pri:0, instance:TAF_PDFReport.PDFReportTest@55182842]" started-at="2024-01-08T14:30:19 IST" name="methodName" finished-at="2024-01-08T14:30:19 IST" duration-ms="0" status="PASS">
          <params>
            <param index="0">
              <value>
                <![CDATA[public void TAF_PDFReport.PDFReportTest.PDFreports() throws java.io.IOException,java.lang.InterruptedException]]>
              </value>
            </param>
          </params>
          <reporter-output>
          </reporter-output>
        </test-method> <!-- methodName -->
        <test-method signature="PDFreports()[pri:0, instance:TAF_PDFReport.PDFReportTest@55182842]" started-at="2024-01-08T14:30:19 IST" name="PDFreports" finished-at="2024-01-08T14:30:21 IST" duration-ms="2153" status="PASS">
          <reporter-output>
          </reporter-output>
        </test-method> <!-- PDFreports -->
        <test-method is-config="true" signature="afterClass()[pri:0, instance:TAF_PDFReport.PDFReportTest@55182842]" started-at="2024-01-08T14:30:21 IST" name="afterClass" finished-at="2024-01-08T14:30:21 IST" duration-ms="81" status="PASS">
          <reporter-output>
          </reporter-output>
        </test-method> <!-- afterClass -->
      </class> <!-- TAF_PDFReport.PDFReportTest -->
      <class name="com.mohs10.scripts.MamatvaScript">
        <test-method is-config="true" signature="generateReport()[pri:0, instance:com.mohs10.scripts.MamatvaScript@368f2016]" started-at="2024-01-08T14:29:38 IST" name="generateReport" finished-at="2024-01-08T14:29:38 IST" duration-ms="2" status="PASS">
          <reporter-output>
          </reporter-output>
        </test-method> <!-- generateReport -->
        <test-method is-config="true" signature="beforeClass()[pri:0, instance:com.mohs10.scripts.MamatvaScript@368f2016]" started-at="2024-01-08T14:29:38 IST" name="beforeClass" finished-at="2024-01-08T14:29:41 IST" duration-ms="2521" status="PASS">
          <reporter-output>
          </reporter-output>
        </test-method> <!-- beforeClass -->
        <test-method is-config="true" signature="methodName(java.lang.reflect.Method)[pri:0, instance:com.mohs10.scripts.MamatvaScript@368f2016]" started-at="2024-01-08T14:29:41 IST" name="methodName" finished-at="2024-01-08T14:29:41 IST" duration-ms="19" status="PASS">
          <params>
            <param index="0">
              <value>
                <![CDATA[public void com.mohs10.scripts.MamatvaScript.PharmacyLoginTestcase() throws java.lang.Exception]]>
              </value>
            </param>
          </params>
          <reporter-output>
          </reporter-output>
        </test-method> <!-- methodName -->
        <test-method signature="PharmacyLoginTestcase()[pri:0, instance:com.mohs10.scripts.MamatvaScript@368f2016]" started-at="2024-01-08T14:29:41 IST" name="PharmacyLoginTestcase" finished-at="2024-01-08T14:30:14 IST" duration-ms="33746" status="PASS">
          <reporter-output>
          </reporter-output>
        </test-method> <!-- PharmacyLoginTestcase -->
        <test-method is-config="true" signature="afterClass()[pri:0, instance:com.mohs10.scripts.MamatvaScript@368f2016]" started-at="2024-01-08T14:30:14 IST" name="afterClass" finished-at="2024-01-08T14:30:16 IST" duration-ms="1199" status="PASS">
          <reporter-output>
          </reporter-output>
        </test-method> <!-- afterClass -->
      </class> <!-- com.mohs10.scripts.MamatvaScript -->
    </test> <!-- Test -->
  </suite> <!-- Suite -->
</testng-results>
